<?xml version="1.0" encoding="utf-8"?><testsuites name="pytest tests"><testsuite name="pytest" errors="0" failures="2" skipped="0" tests="21" time="6.985" timestamp="2026-07-24T00:17:50.553334+00:00" hostname="agent-env-d352395b-ecf4-4e3f-aa02-7c421c392341"><testcase classname="tests.test_iter6_new_features.TestAlerts" name="test_system_health" time="0.654" /><testcase classname="tests.test_iter6_new_features.TestBilling" name="test_billing_subscriptions_list" time="0.795" /><testcase classname="tests.test_iter6_new_features.TestAlerts" name="test_events_list" time="0.102" /><testcase classname="tests.test_iter6_new_features.TestAlerts" name="test_events_filter_error" time="0.124" /><testcase classname="tests.test_iter6_new_features.TestBilling" name="test_run_cycle" time="0.536" /><testcase classname="tests.test_iter6_new_features.TestAlerts" name="test_unread_count" time="0.449" /><testcase classname="tests.test_iter6_new_features.TestAlerts" name="test_mark_all_read" time="0.343"><failure message="assert 1 == 0">backend/tests/test_iter6_new_features.py:74: in test_mark_all_read
    assert c == 0
E   assert 1 == 0</failure></testcase><testcase classname="tests.test_iter6_new_features.TestBilling" name="test_simulate_fail_then_success" time="1.956" /><testcase classname="tests.test_iter6_new_features.TestAlerts" name="test_mark_single_event_read" time="0.300" /><testcase classname="tests.test_iter6_new_features.TestAdminSettings" name="test_get_settings" time="0.102" /><testcase classname="tests.test_iter6_new_features.TestAdminSettings" name="test_toggle_autoapprove_persists" time="0.412" /><testcase classname="tests.test_iter6_new_features.TestAdminSettings" name="test_setup_fee_persists" time="0.211" /><testcase classname="tests.test_iter6_new_features.TestApplications" name="test_list_applications" time="0.099" /><testcase classname="tests.test_iter6_new_features.TestApplications" name="test_pending_review_has_detail" time="0.238"><failure message="AssertionError: assert ('paymentMethod' in {'token': '522IDQmaFO8zKG273KHt-bsHYavwgEsW', 'contractCode': 'GRK-ABE44C9E', 'status': 'COMPLETED', 'productId': '1411', ...})">backend/tests/test_iter6_new_features.py:136: in test_pending_review_has_detail
    assert "paymentMethod" in d and "simType" in d
E   AssertionError: assert ('paymentMethod' in {'token': '522IDQmaFO8zKG273KHt-bsHYavwgEsW', 'contractCode': 'GRK-ABE44C9E', 'status': 'COMPLETED', 'productId': '1411', ...})</failure></testcase><testcase classname="tests.test_iter6_new_features.TestShipments" name="test_list_shipments" time="0.100" /><testcase classname="tests.test_iter6_new_features.TestShipments" name="test_update_shipment_status" time="1.299" /><testcase classname="tests.test_iter6_new_features.TestBilling" name="test_billing_checkout_sepa" time="0.968" /><testcase classname="tests.test_iter6_new_features.TestBilling" name="test_billing_checkout_card" time="0.761" /><testcase classname="tests.test_iter6_new_features.TestPublicCheckout" name="test_public_checkout_sepa" time="1.519" /><testcase classname="tests.test_iter6_new_features.TestOrders" name="test_orders_list" time="0.130" /><testcase classname="tests.test_iter6_new_features.TestPublicCheckout" name="test_public_checkout_card" time="0.638" /></testsuite></testsuites>