<?xml version="1.0" encoding="utf-8"?><testsuites name="pytest tests"><testsuite name="pytest" errors="0" failures="0" skipped="0" tests="7" time="3.957" timestamp="2026-07-27T22:43:51.425015+00:00" hostname="agent-env-d352395b-ecf4-4e3f-aa02-7c421c392341"><testcase classname="tests.test_iter10_tariffs_customer_types" name="test_public_catalog_dynamic_grouping" time="0.142" /><testcase classname="tests.test_iter10_tariffs_customer_types" name="test_sync_catalog_controlled" time="2.288" /><testcase classname="tests.test_iter10_tariffs_customer_types" name="test_delete_all_tariffs_requires_auth" time="0.102" /><testcase classname="tests.test_iter10_tariffs_customer_types" name="test_tariff_update_marketing_text" time="0.371" /><testcase classname="tests.test_iter10_tariffs_customer_types" name="test_create_customer_with_types" time="0.217" /><testcase classname="tests.test_iter10_tariffs_customer_types" name="test_create_customer_society_cif" time="0.110" /><testcase classname="tests.test_iter10_tariffs_customer_types" name="test_public_application_with_types" time="0.401" /></testsuite></testsuites>