<?xml version="1.0" encoding="utf-8"?><testsuites name="pytest tests"><testsuite name="pytest" errors="0" failures="0" skipped="0" tests="9" time="4.074" timestamp="2026-07-27T22:54:30.506024+00:00" hostname="agent-env-d352395b-ecf4-4e3f-aa02-7c421c392341"><testcase classname="tests.test_iter11_billing_signup.TestBillingSettings" name="test_get_defaults" time="0.742" /><testcase classname="tests.test_iter11_billing_signup.TestBillingSettings" name="test_put_and_persist" time="0.257" /><testcase classname="tests.test_iter11_billing_signup.TestFirstInvoice" name="test_peninsula_28001" time="1.635" /><testcase classname="tests.test_iter11_billing_signup.TestBillingSettings" name="test_put_edit_values_then_restore" time="0.302" /><testcase classname="tests.test_iter11_billing_signup.TestInternalCustomerTypes" name="test_create_customer_with_passport" time="0.277" /><testcase classname="tests.test_iter11_billing_signup.TestInternalCustomerTypes" name="test_create_customer_freelance_nie" time="0.109" /><testcase classname="tests.test_iter11_billing_signup.TestFirstInvoice" name="test_islands_35001" time="0.646" /><testcase classname="tests.test_iter11_billing_signup.TestFirstInvoice" name="test_islands_baleares_07001" time="0.743" /><testcase classname="tests.test_iter11_billing_signup.TestFirstInvoice" name="test_customer_type_and_doctype_persisted_public" time="0.661" /></testsuite></testsuites>