<?xml version="1.0" encoding="utf-8"?><testsuites name="pytest tests"><testsuite name="pytest" errors="0" failures="0" skipped="0" tests="7" time="2.710" timestamp="2026-07-30T21:00:55.397293+00:00" hostname="agent-env-d352395b-ecf4-4e3f-aa02-7c421c392341"><testcase classname="tests.test_iter14_arrears_billing" name="test_admin_login_works" time="0.353" /><testcase classname="tests.test_iter14_arrears_billing" name="test_send_card_link_setup_mode_esim" time="0.972" /><testcase classname="tests.test_iter14_arrears_billing" name="test_send_card_link_payment_mode_physical" time="0.614" /><testcase classname="tests.test_iter14_arrears_billing" name="test_run_monthly_endpoint" time="0.142" /><testcase classname="tests.test_iter14_arrears_billing" name="test_run_monthly_requires_admin" time="0.135" /><testcase classname="tests.test_iter14_arrears_billing" name="test_arrears_prorate_math_via_job" time="0.252" /><testcase classname="tests.test_iter14_arrears_billing" name="test_stripe_webhook_invalid_signature" time="0.120" /></testsuite></testsuites>