<?xml version="1.0" encoding="utf-8"?><testsuites name="pytest tests"><testsuite name="pytest" errors="0" failures="0" skipped="0" tests="17" time="2.604" timestamp="2026-07-23T23:14:47.910232+00:00" hostname="agent-env-d352395b-ecf4-4e3f-aa02-7c421c392341"><testcase classname="tests.test_iter5_public.TestPublicCatalog" name="test_catalog_groups" time="0.221" /><testcase classname="tests.test_iter5_public.TestPublicCatalog" name="test_tv_and_satellite_have_channels" time="0.000" /><testcase classname="tests.test_iter5_public.TestPublicCatalog" name="test_public_product_detail" time="0.095" /><testcase classname="tests.test_iter5_public.TestApplicationFlow" name="test_create_application_success" time="0.381" /><testcase classname="tests.test_iter5_public.TestPublicCatalog" name="test_public_product_404" time="0.107" /><testcase classname="tests.test_iter5_public.TestApplicationFlow" name="test_create_application_rejects_no_terms" time="0.142" /><testcase classname="tests.test_iter5_public.TestApplicationFlow" name="test_get_application_pending" time="0.227" /><testcase classname="tests.test_iter5_public.TestAdminRegression" name="test_admin_login_and_products" time="0.452" /><testcase classname="tests.test_iter5_public.TestApplicationFlow" name="test_contract_pdf" time="0.108" /><testcase classname="tests.test_iter5_public.TestApplicationFlow" name="test_sign_application_text" time="0.110" /><testcase classname="tests.test_iter5_public.TestAdminRegression" name="test_admin_settings" time="0.174" /><testcase classname="tests.test_iter5_public.TestApplicationFlow" name="test_application_status_completed" time="0.122" /><testcase classname="tests.test_iter5_public.TestAdminRegression" name="test_admin_customers_list" time="0.369" /><testcase classname="tests.test_iter5_public.TestApplicationFlow" name="test_customer_created_with_kyc" time="0.420" /><testcase classname="tests.test_iter5_public.TestApplicationFlow" name="test_kyc_files_downloadable" time="0.413" /><testcase classname="tests.test_iter5_public.TestApplicationFlow" name="test_files_endpoint_requires_admin" time="0.237" /><testcase classname="tests.test_iter5_public.TestApplicationFlow" name="test_customer_has_line_and_order" time="0.102" /></testsuite></testsuites>