<?xml version="1.0" encoding="utf-8"?><testsuites name="pytest tests"><testsuite name="pytest" errors="0" failures="0" skipped="0" tests="7" time="3.866" timestamp="2026-07-23T15:01:44.571987+00:00" hostname="agent-env-d352395b-ecf4-4e3f-aa02-7c421c392341"><testcase classname="tests.test_iter2_new_features.TestLineDetailUsage" name="test_mobile_line_has_usage_fields" time="0.952" /><testcase classname="tests.test_iter2_new_features.TestInvoiceGorokyFormat" name="test_invoice_has_new_fields" time="0.886" /><testcase classname="tests.test_iter2_new_features.TestInvoiceGorokyFormat" name="test_pdf_is_valid_goroky" time="0.412" /><testcase classname="tests.test_iter2_new_features.TestLineDetailUsage" name="test_cdrs_contain_voice_sms_data_and_calledNumber" time="0.243" /><testcase classname="tests.test_iter2_new_features.TestMeSummaryUsage" name="test_lines_have_usage" time="0.590" /><testcase classname="tests.test_iter2_new_features.TestInvoiceGorokyFormat" name="test_pdf_client_own" time="0.746" /><testcase classname="tests.test_iter2_new_features.TestCustomerPaymentAndOrderPropagation" name="test_create_customer_with_iban_and_payment" time="1.500" /></testsuite></testsuites>