<?xml version="1.0" encoding="utf-8"?><testsuites name="pytest tests"><testsuite name="pytest" errors="0" failures="0" skipped="0" tests="12" time="3.271" timestamp="2026-07-24T01:07:14.836520+00:00" hostname="agent-env-d352395b-ecf4-4e3f-aa02-7c421c392341"><testcase classname="tests.test_iter7_promotions.TestPromotionsCRUD" name="test_list_seeded" time="0.677" /><testcase classname="tests.test_iter7_promotions.TestMyPromotions" name="test_client_gets_banner_popup_offer" time="1.019" /><testcase classname="tests.test_iter7_promotions.TestPromotionsCRUD" name="test_list_requires_admin" time="0.488" /><testcase classname="tests.test_iter7_promotions.TestMyPromotions" name="test_client_dismiss_persists" time="0.317" /><testcase classname="tests.test_iter7_promotions.TestPromotionsCRUD" name="test_create_promotion_banner_all" time="0.514" /><testcase classname="tests.test_iter7_promotions.TestMyPromotions" name="test_service_audience_filter" time="0.973" /><testcase classname="tests.test_iter7_promotions.TestPromotionsCRUD" name="test_create_promotion_offer_service" time="0.109" /><testcase classname="tests.test_iter7_promotions.TestPromotionsCRUD" name="test_update_promotion" time="0.204" /><testcase classname="tests.test_iter7_promotions.TestPromotionsCRUD" name="test_update_nonexistent_returns_404" time="0.173" /><testcase classname="tests.test_iter7_promotions.TestPromotionsCRUD" name="test_delete_promotion" time="0.313" /><testcase classname="tests.test_iter7_promotions.TestMyPromotions" name="test_inactive_promo_not_visible" time="0.312" /><testcase classname="tests.test_iter7_promotions.TestPromoImageUpload" name="test_data_url_image_saved_and_public" time="0.316" /></testsuite></testsuites>