<?xml version="1.0" encoding="utf-8"?><testsuites name="pytest tests"><testsuite name="pytest" errors="0" failures="0" skipped="0" tests="8" time="13.138" timestamp="2026-07-26T22:48:17.037659+00:00" hostname="agent-env-d352395b-ecf4-4e3f-aa02-7c421c392341"><testcase classname="tests.test_iter9_app_users_coverage.TestAppUsersList" name="test_list_shape_and_contains_cliente" time="0.458" /><testcase classname="tests.test_iter9_app_users_coverage.TestAppUsersList" name="test_last_login_updates_after_client_login" time="1.451" /><testcase classname="tests.test_iter9_app_users_coverage.TestBlockUnblock" name="test_block_then_login_403_then_unblock" time="1.379" /><testcase classname="tests.test_iter9_app_users_coverage.TestForceLogout" name="test_logout_invalidates_prior_token" time="1.095" /><testcase classname="tests.test_iter9_app_users_coverage.TestPasswordOps" name="test_set_manual_password_and_restore" time="1.870" /><testcase classname="tests.test_iter9_app_users_coverage.TestPasswordOps" name="test_reset_password_second_client" time="0.622" /><testcase classname="tests.test_iter9_app_users_coverage.TestCoverage" name="test_3_step_flow" time="3.790" /><testcase classname="tests.test_iter9_app_users_coverage.TestPublicCoverage" name="test_public_flow_no_auth" time="2.422" /></testsuite></testsuites>