<?xml version="1.0" encoding="utf-8"?><testsuites name="pytest tests"><testsuite name="pytest" errors="0" failures="0" skipped="0" tests="11" time="3.235" timestamp="2026-07-23T23:01:01.197098+00:00" hostname="agent-env-d352395b-ecf4-4e3f-aa02-7c421c392341"><testcase classname="tests.test_iter4_contract.TestOrderCreationWithContract" name="test_order_returns_contract_and_invoice" time="0.597" /><testcase classname="tests.test_iter4_contract.TestOrderCreationWithContract" name="test_order_visible_in_list" time="0.101" /><testcase classname="tests.test_iter4_contract.TestContractPDF" name="test_admin_can_download_contract_pdf" time="0.581" /><testcase classname="tests.test_iter4_contract.TestContractSign" name="test_sign_contract" time="1.277" /><testcase classname="tests.test_iter4_contract.TestContractSign" name="test_signed_flag_persisted" time="0.135" /><testcase classname="tests.test_iter4_contract.TestContractPDF" name="test_contract_pdf_not_found" time="0.130" /><testcase classname="tests.test_iter4_contract.TestContractSign" name="test_pdf_still_works_after_sign" time="0.694" /><testcase classname="tests.test_iter4_contract.TestContractScoping" name="test_client_cannot_download_other_customer_contract" time="0.926" /><testcase classname="tests.test_iter4_contract.TestContractSign" name="test_sign_unknown_order_404" time="0.180" /><testcase classname="tests.test_iter4_contract.TestContractScoping" name="test_client_can_download_own_contract" time="0.234" /><testcase classname="tests.test_iter4_contract.TestRegressionFiberInstallation" name="test_create_fiber_order_generates_installation" time="0.338" /></testsuite></testsuites>