<?xml version="1.0" encoding="utf-8"?><testsuites name="pytest tests"><testsuite name="pytest" errors="0" failures="0" skipped="1" tests="10" time="4.782" timestamp="2026-07-30T17:07:56.476752+00:00" hostname="agent-env-d352395b-ecf4-4e3f-aa02-7c421c392341"><testcase classname="tests.test_iter12_billing_invoices.TestBilling" name="test_update_billing_and_persist" time="0.999" /><testcase classname="tests.test_iter12_billing_invoices.TestInvoices" name="test_create_manual_invoice" time="1.038" /><testcase classname="tests.test_iter12_billing_invoices.TestBilling" name="test_billing_not_found" time="0.159" /><testcase classname="tests.test_iter12_billing_invoices.TestInvoices" name="test_create_empty_items_400" time="0.106" /><testcase classname="tests.test_iter12_billing_invoices.TestInvoices" name="test_update_pending_invoice" time="0.118" /><testcase classname="tests.test_iter12_billing_invoices.TestSendCardLink" name="test_send_card_link_returns_checkout_url" time="0.972" /><testcase classname="tests.test_iter12_billing_invoices.TestInvoices" name="test_cannot_edit_paid_invoice" time="1.374" /><testcase classname="tests.test_iter12_billing_invoices.TestSendCardLink" name="test_send_card_link_no_tariff_400" time="0.121"><skipped type="pytest.skip" message="cannot create test customer: 422 {&quot;detail&quot;:[{&quot;type&quot;:&quot;missing&quot;,&quot;loc&quot;:[&quot;body&quot;,&quot;contactPhone&quot;],&quot;msg&quot;:&quot;Field required&quot;,&quot;input&quot;:{&quot;fiscalId&quot;:&quot;TESTX99999999Z&quot;,&quot;name&quot;:&quot;TEST_NoTariff&quot;,&quot;customerType&quot;:&quot;Residential&quot;,&quot;email&quot;:&quot;notariff@test.com&quot;},&quot;url&quot;:&quot;https://errors.pydantic.dev/2.13/v/missing&quot;}]}">/app/backend/tests/test_iter12_billing_invoices.py:181: cannot create test customer: 422 {"detail":[{"type":"missing","loc":["body","contactPhone"],"msg":"Field required","input":{"fiscalId":"TESTX99999999Z","name":"TEST_NoTariff","customerType":"Residential","email":"notariff@test.com"},"url":"https://errors.pydantic.dev/2.13/v/missing"}]}</skipped></testcase><testcase classname="tests.test_iter12_billing_invoices.TestInvoices" name="test_resend_email" time="1.686" /><testcase classname="tests.test_iter12_billing_invoices.TestInvoices" name="test_delete_pending_invoice_post" time="0.122" /></testsuite></testsuites>