<?xml version="1.0" encoding="utf-8"?><testsuites name="pytest tests"><testsuite name="pytest" errors="0" failures="0" skipped="0" tests="29" time="4.820" timestamp="2026-07-24T07:40:33.540420+00:00" hostname="agent-env-d352395b-ecf4-4e3f-aa02-7c421c392341"><testcase classname="tests.test_iter8_rbac_lines.TestRolesAndUsers" name="test_agent_forbidden_list_roles" time="0.647" /><testcase classname="tests.test_iter8_rbac_lines.TestLineControlAdmin" name="test_bono_increases_total_gb" time="1.053" /><testcase classname="tests.test_iter8_rbac_lines.TestRolesAndUsers" name="test_reseller_forbidden_list_users" time="0.404" /><testcase classname="tests.test_iter8_rbac_lines.TestLineControlAdmin" name="test_bono_rejects_zero" time="0.095" /><testcase classname="tests.test_iter8_rbac_lines.TestLineControlAdmin" name="test_roaming_toggle" time="0.476" /><testcase classname="tests.test_iter8_rbac_lines.TestRolesAndUsers" name="test_admin_lists_roles" time="0.449" /><testcase classname="tests.test_iter8_rbac_lines.TestRolesAndUsers" name="test_admin_cannot_edit_admin_role" time="0.088" /><testcase classname="tests.test_iter8_rbac_lines.TestRolesAndUsers" name="test_admin_edit_reseller_perms_and_restore" time="0.282" /><testcase classname="tests.test_iter8_rbac_lines.TestLineControlAdmin" name="test_barring" time="0.205" /><testcase classname="tests.test_iter8_rbac_lines.TestLineControlAdmin" name="test_call_forward" time="0.183" /><testcase classname="tests.test_iter8_rbac_lines.TestRolesAndUsers" name="test_admin_lists_users_includes_seeded" time="0.095" /><testcase classname="tests.test_iter8_rbac_lines.TestRolesAndUsers" name="test_admin_creates_and_deletes_agent" time="0.522" /><testcase classname="tests.test_iter8_rbac_lines.TestLineControlAdmin" name="test_spend_limit" time="0.282" /><testcase classname="tests.test_iter8_rbac_lines.TestLineControlAdmin" name="test_suspend_and_reactivate" time="0.190" /><testcase classname="tests.test_iter8_rbac_lines.TestLineControlAdmin" name="test_transfer_requires_existing_titular" time="0.111" /><testcase classname="tests.test_iter8_rbac_lines.TestScoping" name="test_reseller_sees_only_own_customers" time="0.093" /><testcase classname="tests.test_iter8_rbac_lines.TestScoping" name="test_admin_sees_all_customers" time="0.098" /><testcase classname="tests.test_iter8_rbac_lines.TestAccessMe" name="test_admin_full_permissions" time="0.163" /><testcase classname="tests.test_iter8_rbac_lines.TestScoping" name="test_reseller_sees_only_own_lines" time="0.091" /><testcase classname="tests.test_iter8_rbac_lines.TestScoping" name="test_agent_forbidden_billing" time="0.303" /><testcase classname="tests.test_iter8_rbac_lines.TestScoping" name="test_agent_forbidden_commissions" time="0.088" /><testcase classname="tests.test_iter8_rbac_lines.TestAccessMe" name="test_agent_permissions_scoped" time="0.413" /><testcase classname="tests.test_iter8_rbac_lines.TestLineControlAgent" name="test_agent_can_bono" time="0.330" /><testcase classname="tests.test_iter8_rbac_lines.TestAccessMe" name="test_reseller_permissions_scoped" time="0.412" /><testcase classname="tests.test_iter8_rbac_lines.TestLineControlAgent" name="test_agent_can_suspend_reactivate" time="0.342" /><testcase classname="tests.test_iter8_rbac_lines.TestCommissions" name="test_admin_sees_all_commissions" time="0.095" /><testcase classname="tests.test_iter8_rbac_lines.TestCommissions" name="test_reseller_sees_own_and_total_positive" time="0.091" /><testcase classname="tests.test_iter8_rbac_lines.TestResellerOrderCommission" name="test_reseller_order_creates_commission" time="0.472" /><testcase classname="tests.test_iter8_rbac_lines.TestResellerLineForbidden" name="test_reseller_cannot_bono" time="0.211" /></testsuite></testsuites>