<?xml version="1.0" encoding="utf-8"?><testsuites name="pytest tests"><testsuite name="pytest" errors="0" failures="0" skipped="1" tests="23" time="5.512" timestamp="2026-07-23T22:48:40.914908+00:00" hostname="agent-env-d352395b-ecf4-4e3f-aa02-7c421c392341"><testcase classname="tests.test_iter3_new_features.TestLineActions" name="test_esim_data" time="0.879" /><testcase classname="tests.test_iter3_new_features.TestSettingsAndEmail" name="test_settings" time="0.824" /><testcase classname="tests.test_iter3_new_features.TestSettingsAndEmail" name="test_email_test_returns_400_when_not_configured" time="0.170" /><testcase classname="tests.test_iter3_new_features.TestSettingsAndEmail" name="test_invoice_email_returns_400_when_not_configured" time="0.414" /><testcase classname="tests.test_iter3_new_features.TestLineActions" name="test_esim_client_own" time="0.585" /><testcase classname="tests.test_iter3_new_features.TestSettingsAndEmail" name="test_order_send_tracking_returns_400" time="0.101"><skipped type="pytest.skip" message="no orders">/app/backend/tests/test_iter3_new_features.py:374: no orders</skipped></testcase><testcase classname="tests.test_iter3_new_features.TestLineActions" name="test_sim_info" time="0.223" /><testcase classname="tests.test_iter3_new_features.TestTariffs" name="test_list_tariffs_admin" time="0.108" /><testcase classname="tests.test_iter3_new_features.TestLineActions" name="test_sim_duplicate" time="0.648" /><testcase classname="tests.test_iter3_new_features.TestTariffs" name="test_list_tariffs_client_forbidden" time="0.467" /><testcase classname="tests.test_iter3_new_features.TestTariffs" name="test_full_crud" time="0.791" /><testcase classname="tests.test_iter3_new_features.TestLineActions" name="test_change_spn" time="0.467" /><testcase classname="tests.test_iter3_new_features.TestLineActions" name="test_credit_limit" time="0.357" /><testcase classname="tests.test_iter3_new_features.TestSubscriptionsAdvanced" name="test_compatible_optionals" time="0.264" /><testcase classname="tests.test_iter3_new_features.TestSubscriptionsAdvanced" name="test_add_and_terminate_optional" time="0.561" /><testcase classname="tests.test_iter3_new_features.TestInstallations" name="test_list_and_detail" time="0.212" /><testcase classname="tests.test_iter3_new_features.TestInstallations" name="test_schedule_and_cancel" time="0.628" /><testcase classname="tests.test_iter3_new_features.TestSubscriptionsAdvanced" name="test_change_titular" time="1.083" /><testcase classname="tests.test_iter3_new_features.TestResources" name="test_list_and_download" time="0.733" /><testcase classname="tests.test_iter3_new_features.TestCustomerDocuments" name="test_upload_and_list" time="0.207" /><testcase classname="tests.test_iter3_new_features.TestPortabilities" name="test_list" time="0.105" /><testcase classname="tests.test_iter3_new_features.TestPortabilities" name="test_cancel_in_progress" time="0.202" /><testcase classname="tests.test_iter3_new_features.TestCoverageAddress" name="test_address_search" time="0.103" /></testsuite></testsuites>