<?xml version="1.0" encoding="utf-8"?><testsuites name="pytest tests"><testsuite name="pytest" errors="0" failures="1" skipped="0" tests="8" time="3.752" timestamp="2026-07-30T17:24:20.582943+00:00" hostname="agent-env-d352395b-ecf4-4e3f-aa02-7c421c392341"><testcase classname="tests.test_iter13_new_features.TestInvoiceDiscount" name="test_create_invoice_with_discount" time="0.865" /><testcase classname="tests.test_iter13_new_features.TestInvoiceDiscount" name="test_reject_invoice_total_le_zero" time="0.108" /><testcase classname="tests.test_iter13_new_features.TestInvoiceDiscount" name="test_reject_invoice_negative_total" time="0.141" /><testcase classname="tests.test_iter13_new_features.TestMarkPaid" name="test_mark_paid_flow" time="0.617" /><testcase classname="tests.test_iter13_new_features.TestMarkPaid" name="test_mark_paid_not_found" time="0.183" /><testcase classname="tests.test_iter13_new_features.TestMonthlyBilling" name="test_run_monthly_idempotent" time="0.294" /><testcase classname="tests.test_iter13_new_features.TestMonthlyBilling" name="test_run_monthly_requires_admin" time="0.247" /><testcase classname="tests.test_iter13_new_features.TestSendCardLink" name="test_send_card_link_records_sentAt" time="1.212"><failure message="AssertionError: cardLink.sentAt not set: {}&#10;assert None&#10; +  where None = &lt;built-in method get of dict object at 0xfed86b45a200&gt;('sentAt')&#10; +    where &lt;built-in method get of dict object at 0xfed86b45a200&gt; = {}.get">backend/tests/test_iter13_new_features.py:154: in test_send_card_link_records_sentAt
    assert cl.get("sentAt"), f"cardLink.sentAt not set: {cl}"
E   AssertionError: cardLink.sentAt not set: {}
E   assert None
E    +  where None = &lt;built-in method get of dict object at 0xfed86b45a200&gt;('sentAt')
E    +    where &lt;built-in method get of dict object at 0xfed86b45a200&gt; = {}.get</failure></testcase></testsuite></testsuites>