<?xml version="1.0" encoding="utf-8"?><testsuites name="pytest tests"><testsuite name="pytest" errors="0" failures="0" skipped="0" tests="4" time="3.109" timestamp="2026-08-22T12:46:23.986273+00:00" hostname="agent-env-d352395b-ecf4-4e3f-aa02-7c421c392341"><testcase classname="tests.test_send_access" name="test_admin_login_and_list_app_users" time="0.478" /><testcase classname="tests.test_send_access" name="test_send_access_returns_ok_and_restores_password" time="1.827" /><testcase classname="tests.test_send_access" name="test_send_access_invalid_id_returns_404" time="0.367" /><testcase classname="tests.test_send_access" name="test_send_access_requires_admin" time="0.104" /></testsuite></testsuites>