<?xml version="1.0" encoding="utf-8"?><testsuites name="pytest tests"><testsuite name="pytest" errors="0" failures="0" skipped="0" tests="29" time="9.689" timestamp="2026-07-23T13:32:33.895606+00:00" hostname="agent-env-d352395b-ecf4-4e3f-aa02-7c421c392341"><testcase classname="tests.backend_test.TestAuth" name="test_login_admin_ok" time="0.518" /><testcase classname="tests.backend_test.TestAuth" name="test_login_client_ok" time="0.485" /><testcase classname="tests.backend_test.TestCatalog" name="test_products" time="1.458" /><testcase classname="tests.backend_test.TestAuth" name="test_login_bad_creds" time="0.696" /><testcase classname="tests.backend_test.TestCatalog" name="test_products_filter" time="0.686" /><testcase classname="tests.backend_test.TestCatalog" name="test_donor_operators" time="0.613" /><testcase classname="tests.backend_test.TestAuth" name="test_me_with_bearer" time="1.057" /><testcase classname="tests.backend_test.TestCatalog" name="test_ticket_typologies" time="0.485" /><testcase classname="tests.backend_test.TestAuth" name="test_me_no_token" time="0.495" /><testcase classname="tests.backend_test.TestCatalog" name="test_coverage" time="0.111" /><testcase classname="tests.backend_test.TestCustomers" name="test_list" time="0.270" /><testcase classname="tests.backend_test.TestCustomers" name="test_create_and_get" time="0.395" /><testcase classname="tests.backend_test.TestPortal" name="test_me_summary" time="0.524" /><testcase classname="tests.backend_test.TestPortal" name="test_scoping_line_forbidden" time="0.286" /><testcase classname="tests.backend_test.TestCustomers" name="test_create_duplicate_400" time="0.109" /><testcase classname="tests.backend_test.TestPortal" name="test_scoping_invoice_pdf_forbidden" time="0.233" /><testcase classname="tests.backend_test.TestLines" name="test_list_admin" time="0.125" /><testcase classname="tests.backend_test.TestLines" name="test_detail_and_toggle_block" time="0.472" /><testcase classname="tests.backend_test.TestPortal" name="test_scoping_customer_forbidden" time="0.217" /><testcase classname="tests.backend_test.TestPortal" name="test_scoping_customers_list_forbidden" time="0.108" /><testcase classname="tests.backend_test.TestInvoices" name="test_list_admin" time="0.108" /><testcase classname="tests.backend_test.TestLines" name="test_update_sva" time="0.587" /><testcase classname="tests.backend_test.TestInvoices" name="test_list_client_scoped" time="0.113" /><testcase classname="tests.backend_test.TestOrders" name="test_create_order_with_invoice" time="1.421" /><testcase classname="tests.backend_test.TestDashboard" name="test_stats_admin" time="0.511" /><testcase classname="tests.backend_test.TestDashboard" name="test_stats_client_forbidden" time="0.477" /><testcase classname="tests.backend_test.TestPayments" name="test_stripe_checkout" time="2.208" /><testcase classname="tests.backend_test.TestSubscriptions" name="test_list_and_change_tariff" time="2.167" /><testcase classname="tests.backend_test.TestTickets" name="test_create_and_list" time="0.691" /></testsuite></testsuites>